[10:38:30.636][Main FTPS][0][0][DEBUG][Comienza FTP]
[10:38:30.636][Main FTP][1][0][INFO][IPKernel:192.168.1.108 PortKernel:5300]
[10:39:11.825][Main FTPS][0][0][DEBUG][Comienza FTP]
[10:39:11.825][Main FTP][1][0][INFO][IPKernel:192.168.1.108 PortKernel:5300]
[10:39:11.840][Main FTP][0][0][DEBUG][Descriptor Socket: 120]
[10:39:11.840][Main FTP][0][0][DEBUG][Escuchando puerto]
[10:39:16.387][Main FTP][0][0][ERROR][Conexion Nuevo cliente al puerto ftp: 148]
[10:39:16.387][Thread Comandos][1][3716][INFO][Conexion al Thread de Comandos]
[10:39:16.387][Thread Comandos][1][3716][DEBUG][USER anonymous]
[10:39:16.387][Thread Comandos][1][3716][DEBUG][opts utf8 on]
[10:39:16.387][Thread Comandos][1][3716][DEBUG][syst ]
[10:39:16.387][Thread Comandos][1][3716][DEBUG][site help]
[10:39:16.387][Thread Comandos][1][3716][DEBUG][PWD ]
[10:39:16.387][Thread Comandos][1][3716][DEBUG][TYPE A]
[10:39:16.387][Handler Command][5][3716][DEBUG][200 Type set to A
]
[10:39:16.387][Thread Comandos][1][3716][DEBUG][PASV ]
[10:39:16.387][Thread Datos][2][3716][INFO][Conexion al Thread de Datos]
[10:39:16.387][Thread Datos][2][3716][INFO][IPThDatos:192.168.1.109 PortThDatos:5000]
[10:39:16.403][Thread Datos][2][3716][DEBUG][Bindeo exitoso]
[10:39:16.403][Handler Command][5][3716][DEBUG][227 Entering Passive Mode(192,168,1,109,19,136).
]
[10:39:16.403][Thread Comandos][1][3716][DEBUG][LIST ]
[10:39:16.403][Handler Command][5][3716][DEBUG][150 Opening ASCII mode data connection for file list
]
[10:39:16.403][Thread Datos][2][3716][DEBUG][Comienzo analizar]
[10:39:16.403][Thread Datos][2][3716][DEBUG][Voy a mandar]
[10:39:16.403][Thread Datos][2][3716][DEBUG][Mande]
[10:39:16.403][Thread Datos][2][3716][INFO][Desconexion al Thread de Datos]
[10:39:20.840][Thread Comandos][1][3716][DEBUG][noop ]
[10:39:20.856][Thread Comandos][1][3716][DEBUG][CWD /VDA1/]
[10:39:20.872][Thread Comandos][1][3716][DEBUG][TYPE A]
[10:39:20.872][Handler Command][5][3716][DEBUG][200 Type set to A
]
[10:39:20.872][Thread Comandos][1][3716][DEBUG][PASV ]
[10:39:20.872][Thread Datos][2][3716][INFO][Conexion al Thread de Datos]
[10:39:20.872][Thread Datos][2][3716][INFO][IPThDatos:192.168.1.109 PortThDatos:5000]
[10:39:20.872][Thread Datos][2][3716][DEBUG][Bindeo exitoso]
[10:39:20.872][Handler Command][5][3716][DEBUG][227 Entering Passive Mode(192,168,1,109,19,136).
]
[10:39:20.872][Thread Comandos][1][3716][DEBUG][LIST ]
[10:39:20.872][Handler Command][5][3716][DEBUG][150 Opening ASCII mode data connection for file list
]
[10:39:20.872][Thread Datos][2][3716][DEBUG][Empiezo a aceptar]
[10:39:20.872][Thread Datos][2][3716][DEBUG][Nuevo Cliente Descriptor 212]
[10:39:20.872][Thread Datos][2][3716][DEBUG][Acepte Cliente]
[10:39:20.872][Thread Datos][2][3716][DEBUG][Comienzo analizar]
[10:39:20.872][Thread Datos][2][3716][DEBUG][Voy a mandar]
[10:39:27.403][Thread Datos][2][3716][DEBUG][Mande]
[10:39:27.403][Thread Datos][2][3716][INFO][Desconexion al Thread de Datos]
[10:40:28.842][Thread Comandos][1][3716][DEBUG][noop ]
[10:40:28.842][Thread Comandos][1][3716][DEBUG][CWD /VDA1/]
[10:40:31.358][Thread Comandos][1][3716][DEBUG][TYPE I]
[10:40:31.374][Handler Command][5][3716][DEBUG][200 Type set to I
]
[10:40:31.374][Thread Comandos][1][3716][DEBUG][PASV ]
[10:40:31.374][Thread Datos][2][3716][INFO][Conexion al Thread de Datos]
[10:40:31.374][Thread Datos][2][3716][INFO][IPThDatos:192.168.1.109 PortThDatos:5000]
[10:40:31.374][Thread Datos][2][3716][DEBUG][Bindeo exitoso]
[10:40:31.389][Handler Command][5][3716][DEBUG][227 Entering Passive Mode(192,168,1,109,19,136).
]
[10:40:31.389][Thread Comandos][1][3716][DEBUG][SIZE archivo1.txt]
[10:40:31.389][Thread Comandos][1][3716][DEBUG][RETR archivo1.txt]
[10:40:31.389][Thread Datos][2][3716][DEBUG][Empiezo a aceptar]
[10:40:31.389][Thread Datos][2][3716][DEBUG][Nuevo Cliente Descriptor 212]
[10:40:31.389][Thread Datos][2][3716][DEBUG][Acepte Cliente]
[10:40:31.389][Thread Datos][2][3716][DEBUG][Comienzo analizar]
[10:40:31.389][Thread Datos][2][3716][DEBUG][Voy a mandar]
[10:41:29.875][Main FTPS][0][0][DEBUG][Comienza FTP]
[10:41:29.875][Main FTP][1][0][INFO][IPKernel:192.168.1.108 PortKernel:5300]
[10:41:29.875][Main FTP][0][0][DEBUG][Descriptor Socket: 120]
[10:41:29.891][Main FTP][0][0][DEBUG][Escuchando puerto]
[10:41:37.78][Main FTP][0][0][ERROR][Conexion Nuevo cliente al puerto ftp: 148]
[10:41:37.78][Thread Comandos][1][992][INFO][Conexion al Thread de Comandos]
[10:41:37.78][Thread Comandos][1][992][DEBUG][USER anonymous]
[10:41:37.78][Thread Comandos][1][992][DEBUG][opts utf8 on]
[10:41:37.78][Thread Comandos][1][992][DEBUG][syst ]
[10:41:37.78][Thread Comandos][1][992][DEBUG][site help]
[10:41:37.78][Thread Comandos][1][992][DEBUG][PWD ]
[10:41:37.78][Thread Comandos][1][992][DEBUG][TYPE A]
[10:41:37.78][Handler Command][5][992][DEBUG][200 Type set to A
]
[10:41:37.78][Thread Comandos][1][992][DEBUG][PASV ]
[10:41:37.78][Thread Datos][2][992][INFO][Conexion al Thread de Datos]
[10:41:37.78][Thread Datos][2][992][INFO][IPThDatos:192.168.1.109 PortThDatos:5000]
[10:41:37.78][Thread Datos][2][992][DEBUG][Bindeo exitoso]
[10:41:37.94][Handler Command][5][992][DEBUG][227 Entering Passive Mode(192,168,1,109,19,136).
]
[10:41:37.94][Thread Comandos][1][992][DEBUG][LIST ]
[10:41:37.94][Handler Command][5][992][DEBUG][150 Opening ASCII mode data connection for file list
]
[10:41:37.94][Thread Datos][2][992][DEBUG][Empiezo a aceptar]
[10:41:37.94][Thread Datos][2][992][DEBUG][Nuevo Cliente Descriptor 212]
[10:41:37.94][Thread Datos][2][992][DEBUG][Acepte Cliente]
[10:41:37.94][Thread Datos][2][992][DEBUG][Comienzo analizar]
[10:41:37.94][Thread Datos][2][992][DEBUG][Voy a mandar]
[10:41:37.94][Thread Datos][2][992][DEBUG][Mande]
[10:41:37.94][Thread Datos][2][992][INFO][Desconexion al Thread de Datos]
[10:41:38.344][Thread Comandos][1][992][DEBUG][noop ]
[10:41:38.360][Thread Comandos][1][992][DEBUG][CWD /VDA1/]
[10:41:38.360][Thread Comandos][1][992][DEBUG][TYPE A]
[10:41:38.360][Handler Command][5][992][DEBUG][200 Type set to A
]
[10:41:38.360][Thread Comandos][1][992][DEBUG][PASV ]
[10:41:38.360][Thread Datos][2][992][INFO][Conexion al Thread de Datos]
[10:41:38.360][Thread Datos][2][992][INFO][IPThDatos:192.168.1.109 PortThDatos:5000]
[10:41:38.360][Thread Datos][2][992][DEBUG][Bindeo exitoso]
[10:41:38.375][Handler Command][5][992][DEBUG][227 Entering Passive Mode(192,168,1,109,19,136).
]
[10:41:38.375][Thread Comandos][1][992][DEBUG][LIST ]
[10:41:38.375][Handler Command][5][992][DEBUG][150 Opening ASCII mode data connection for file list
]
[10:41:38.375][Thread Datos][2][992][DEBUG][Empiezo a aceptar]
[10:41:38.375][Thread Datos][2][992][DEBUG][Nuevo Cliente Descriptor 212]
[10:41:38.375][Thread Datos][2][992][DEBUG][Acepte Cliente]
[10:41:38.375][Thread Datos][2][992][DEBUG][Comienzo analizar]
[10:41:38.375][Thread Datos][2][992][DEBUG][Voy a mandar]
[10:41:44.110][Thread Datos][2][992][DEBUG][Mande]
[10:41:44.110][Thread Datos][2][992][INFO][Desconexion al Thread de Datos]
[10:41:49.922][Thread Comandos][1][992][DEBUG][noop ]
[10:41:49.922][Thread Comandos][1][992][DEBUG][CWD /VDA1/]
[10:41:49.922][Thread Comandos][1][992][DEBUG][TYPE I]
[10:41:49.922][Handler Command][5][992][DEBUG][200 Type set to I
]
[10:41:49.922][Thread Comandos][1][992][DEBUG][PASV ]
[10:41:49.922][Thread Datos][2][992][INFO][Conexion al Thread de Datos]
[10:41:49.922][Thread Datos][2][992][INFO][IPThDatos:192.168.1.109 PortThDatos:5000]
[10:41:49.938][Thread Datos][2][992][DEBUG][Bindeo exitoso]
[10:41:49.938][Handler Command][5][992][DEBUG][227 Entering Passive Mode(192,168,1,109,19,136).
]
[10:41:49.938][Thread Comandos][1][992][DEBUG][SIZE archivo.txt]
[10:41:49.938][Thread Comandos][1][992][DEBUG][RETR archivo.txt]
[10:41:49.938][Thread Datos][2][992][DEBUG][Empiezo a aceptar]
[10:41:49.938][Thread Datos][2][992][DEBUG][Nuevo Cliente Descriptor 212]
[10:41:49.938][Thread Datos][2][992][DEBUG][Acepte Cliente]
[10:41:49.938][Thread Datos][2][992][DEBUG][Comienzo analizar]
[10:41:49.938][Thread Datos][2][992][DEBUG][Voy a mandar]
[10:42:33.845][Main FTPS][0][0][DEBUG][Comienza FTP]
[10:42:33.845][Main FTP][1][0][INFO][IPKernel:192.168.1.108 PortKernel:5300]
[10:42:33.861][Main FTP][0][0][DEBUG][Descriptor Socket: 120]
[10:42:33.861][Main FTP][0][0][DEBUG][Escuchando puerto]
[10:42:36.580][Main FTP][0][0][ERROR][Conexion Nuevo cliente al puerto ftp: 148]
[10:42:36.580][Thread Comandos][1][2372][INFO][Conexion al Thread de Comandos]
[10:42:36.580][Thread Comandos][1][2372][DEBUG][USER anonymous]
[10:42:36.580][Thread Comandos][1][2372][DEBUG][opts utf8 on]
[10:42:36.580][Thread Comandos][1][2372][DEBUG][syst ]
[10:42:36.580][Thread Comandos][1][2372][DEBUG][site help]
[10:42:36.580][Thread Comandos][1][2372][DEBUG][PWD ]
[10:42:36.580][Thread Comandos][1][2372][DEBUG][TYPE A]
[10:42:36.580][Handler Command][5][2372][DEBUG][200 Type set to A
]
[10:42:36.580][Thread Comandos][1][2372][DEBUG][PASV ]
[10:42:36.580][Thread Datos][2][2372][INFO][Conexion al Thread de Datos]
[10:42:36.580][Thread Datos][2][2372][INFO][IPThDatos:192.168.1.109 PortThDatos:5000]
[10:42:36.580][Thread Datos][2][2372][DEBUG][Bindeo exitoso]
[10:42:36.596][Handler Command][5][2372][DEBUG][227 Entering Passive Mode(192,168,1,109,19,136).
]
[10:42:36.596][Thread Comandos][1][2372][DEBUG][LIST ]
[10:42:36.596][Handler Command][5][2372][DEBUG][150 Opening ASCII mode data connection for file list
]
[10:42:36.596][Thread Datos][2][2372][DEBUG][Empiezo a aceptar]
[10:42:36.596][Thread Datos][2][2372][DEBUG][Nuevo Cliente Descriptor 212]
[10:42:36.596][Thread Datos][2][2372][DEBUG][Acepte Cliente]
[10:42:36.596][Thread Datos][2][2372][DEBUG][Comienzo analizar]
[10:42:36.596][Thread Datos][2][2372][DEBUG][Voy a mandar]
[10:42:36.596][Thread Datos][2][2372][DEBUG][Mande]
[10:42:36.596][Thread Datos][2][2372][INFO][Desconexion al Thread de Datos]
[10:42:37.846][Thread Comandos][1][2372][DEBUG][noop ]
[10:42:37.861][Thread Comandos][1][2372][DEBUG][CWD /VDA1/]
[10:42:37.861][Thread Comandos][1][2372][DEBUG][TYPE A]
[10:42:37.861][Handler Command][5][2372][DEBUG][200 Type set to A
]
[10:42:37.861][Thread Comandos][1][2372][DEBUG][PASV ]
[10:42:37.861][Thread Datos][2][2372][INFO][Conexion al Thread de Datos]
[10:42:37.861][Thread Datos][2][2372][INFO][IPThDatos:192.168.1.109 PortThDatos:5000]
[10:42:37.877][Thread Datos][2][2372][DEBUG][Bindeo exitoso]
[10:42:37.877][Handler Command][5][2372][DEBUG][227 Entering Passive Mode(192,168,1,109,19,136).
]
[10:42:37.877][Thread Comandos][1][2372][DEBUG][LIST ]
[10:42:37.877][Handler Command][5][2372][DEBUG][150 Opening ASCII mode data connection for file list
]
[10:42:37.877][Thread Datos][2][2372][DEBUG][Empiezo a aceptar]
[10:42:37.877][Thread Datos][2][2372][DEBUG][Nuevo Cliente Descriptor 212]
[10:42:37.877][Thread Datos][2][2372][DEBUG][Acepte Cliente]
[10:42:37.877][Thread Datos][2][2372][DEBUG][Comienzo analizar]
[10:42:37.877][Thread Datos][2][2372][DEBUG][Voy a mandar]
[10:42:44.643][Thread Datos][2][2372][DEBUG][Mande]
[10:42:44.643][Thread Datos][2][2372][INFO][Desconexion al Thread de Datos]
[10:42:51.706][Thread Comandos][1][2372][DEBUG][noop ]
[10:42:51.706][Thread Comandos][1][2372][DEBUG][CWD /VDA1/]
[10:42:51.706][Thread Comandos][1][2372][DEBUG][TYPE I]
[10:42:51.706][Handler Command][5][2372][DEBUG][200 Type set to I
]
[10:42:51.706][Thread Comandos][1][2372][DEBUG][PASV ]
[10:42:51.706][Thread Datos][2][2372][INFO][Conexion al Thread de Datos]
[10:42:51.706][Thread Datos][2][2372][INFO][IPThDatos:192.168.1.109 PortThDatos:5000]
[10:42:51.721][Thread Datos][2][2372][DEBUG][Bindeo exitoso]
[10:42:51.721][Handler Command][5][2372][DEBUG][227 Entering Passive Mode(192,168,1,109,19,136).
]
[10:42:51.721][Thread Comandos][1][2372][DEBUG][SIZE archivo.txt]
[10:42:51.721][Thread Comandos][1][2372][DEBUG][RETR archivo.txt]
[10:42:51.721][Thread Datos][2][2372][DEBUG][Empiezo a aceptar]
[10:42:51.721][Thread Datos][2][2372][DEBUG][Nuevo Cliente Descriptor 212]
[10:42:51.721][Thread Datos][2][2372][DEBUG][Acepte Cliente]
[10:42:51.721][Thread Datos][2][2372][DEBUG][Comienzo analizar]
[10:42:51.721][Thread Datos][2][2372][DEBUG][Voy a mandar]
[11:15:24.889][Main FTPS][0][0][DEBUG][Comienza FTP]
[11:15:24.889][Main FTP][1][0][INFO][IPKernel:192.168.1.108 PortKernel:5300]
[11:15:24.951][Main FTP][0][0][DEBUG][Descriptor Socket: 120]
[11:15:24.951][Main FTP][0][0][DEBUG][Escuchando puerto]
[11:15:58.515][Main FTPS][0][0][DEBUG][Comienza FTP]
[11:15:58.515][Main FTP][1][0][INFO][IPKernel:192.168.1.108 PortKernel:5300]
[11:15:58.515][Main FTP][0][0][DEBUG][Descriptor Socket: 120]
[11:15:58.515][Main FTP][0][0][DEBUG][Escuchando puerto]
[11:35:37.108][Main FTPS][0][0][DEBUG][Comienza FTP]
[11:35:37.123][Main FTP][1][0][INFO][IPKernel:192.168.1.108 PortKernel:5300]
[11:35:38.194][Main FTP][0][0][DEBUG][Descriptor Socket: 116]
[11:35:38.194][Main FTP][0][0][DEBUG][Escuchando puerto]
[11:35:47.675][Main FTP][0][0][ERROR][Conexion Nuevo cliente al puerto ftp: 144]
[11:35:47.675][Thread Comandos][1][3832][INFO][Conexion al Thread de Comandos]
[11:35:47.675][Thread Comandos][1][3832][DEBUG][USER anonymous]
[11:35:47.706][Thread Comandos][1][3832][DEBUG][opts utf8 on]
[11:35:47.706][Thread Comandos][1][3832][DEBUG][syst ]
[11:35:47.706][Thread Comandos][1][3832][DEBUG][site help]
[11:35:47.706][Thread Comandos][1][3832][DEBUG][PWD ]
[11:35:52.796][Thread Comandos][1][3832][DEBUG][noop ]
[11:35:52.873][Thread Comandos][1][3832][DEBUG][CWD /]
[11:35:52.920][Thread Comandos][1][3832][DEBUG][TYPE A]
[11:35:52.920][Handler Command][5][3832][DEBUG][200 Type set to A
]
[11:35:52.920][Thread Comandos][1][3832][DEBUG][PASV ]
[11:35:52.920][Thread Datos][2][3832][INFO][Conexion al Thread de Datos]
[11:35:52.920][Thread Datos][2][3832][INFO][IPThDatos:192.168.1.109 PortThDatos:5000]
[11:35:52.920][Thread Datos][2][3832][DEBUG][Bindeo exitoso]
[11:35:52.935][Handler Command][5][3832][DEBUG][227 Entering Passive Mode(192,168,1,109,19,136).
]
[11:35:52.935][Thread Datos][2][3832][DEBUG][Empiezo a aceptar]
[11:35:52.935][Thread Datos][2][3832][DEBUG][Nuevo Cliente Descriptor 208]
[11:35:52.935][Thread Datos][2][3832][DEBUG][Acepte Cliente]
[11:35:52.951][Thread Comandos][1][3832][DEBUG][LIST ]
[11:35:52.951][Handler Command][5][3832][DEBUG][150 Opening ASCII mode data connection for file list
]
[11:35:52.951][Thread Datos][2][3832][DEBUG][Comienzo analizar]
[11:35:52.951][Thread Datos][2][3832][DEBUG][Voy a mandar]
[11:35:52.951][Thread Datos][2][3832][DEBUG][Mande]
[11:35:52.951][Thread Datos][2][3832][INFO][Desconexion al Thread de Datos]
[11:35:58.40][Thread Comandos][1][3832][DEBUG][ ]
[11:35:58.40][Thread Comandos][1][3832][DEBUG][ ]
[11:35:58.40][Thread Comandos][1][3832][DEBUG][ ]
[11:35:58.40][Thread Comandos][1][3832][INFO][Desconexion al Thread de Comandos]
