[16:20:51.677][Main FTPS][0][0][INFO][Archivo de Configuracion]
[0:14:3.300][Main FTPS][0][0][INFO][Archivo de Configuracion]
[0:14:7.644][New Client][0][2704][INFO][Conexion Nuevo cliente al puerto ftp]
[0:14:7.675][Thread Cmd][1][2704][INFO][Conexion al Thread de Datos]
[0:14:7.722][Thread Cmd][1][2704][INFO][Desconexion al Thread de Datos]
[0:14:17.972][Thread Cmd][1][2704][INFO][Conexion al Thread de Datos]
[0:24:19.268][Main FTPS][0][0][INFO][Archivo de Configuracion]
[0:24:23.721][New Client][0][3980][INFO][Conexion Nuevo cliente al puerto ftp]
[0:26:15.943][Main FTPS][0][0][INFO][Archivo de Configuracion]
[0:26:19.84][New Client][0][1364][INFO][Conexion Nuevo cliente al puerto ftp]
[0:30:42.794][Main FTPS][0][0][INFO][Archivo de Configuracion]
[0:30:45.748][New Client][0][464][INFO][Conexion Nuevo cliente al puerto ftp]
[0:34:11.408][Main FTPS][0][0][INFO][Archivo de Configuracion]
[0:34:14.158][New Client][0][3820][INFO][Conexion Nuevo cliente al puerto ftp]
[0:34:51.362][Main FTPS][0][0][INFO][Archivo de Configuracion]
[0:35:4.237][New Client][0][2380][INFO][Conexion Nuevo cliente al puerto ftp]
[0:37:14.178][Main FTPS][0][0][INFO][Archivo de Configuracion]
[0:37:27.476][New Client][0][216][INFO][Conexion Nuevo cliente al puerto ftp]
[0:38:0.789][Main FTPS][0][0][INFO][Archivo de Configuracion]
[0:38:4.977][New Client][0][2896][INFO][Conexion Nuevo cliente al puerto ftp]
[0:38:38.541][Main FTPS][0][0][INFO][Archivo de Configuracion]
[0:38:46.42][New Client][0][1276][INFO][Conexion Nuevo cliente al puerto ftp]
[0:38:51.308][Thread Datos][2][1276][INFO][Conexion al Thread de Datos]
[0:38:51.933][Thread Datos][2][1276][INFO][Desconexion al Thread de Datos]
[0:39:28.968][Main FTPS][0][0][INFO][Archivo de Configuracion]
[0:39:37.531][New Client][0][1448][INFO][Conexion Nuevo cliente al puerto ftp]
[0:39:37.562][Thread Datos][2][1448][INFO][Conexion al Thread de Datos]
[0:39:37.577][Thread Datos][2][1448][INFO][Desconexion al Thread de Datos]
[0:42:40.905][Main FTPS][0][0][INFO][Archivo de Configuracion]
[0:42:43.234][New Client][0][3280][INFO][Conexion Nuevo cliente al puerto ftp]
[0:42:43.280][Thread Datos][2][3280][INFO][Conexion al Thread de Datos]
[0:42:43.296][Thread Datos][2][3280][INFO][Desconexion al Thread de Datos]
[0:42:51.843][Thread Datos][2][3280][INFO][Conexion al Thread de Datos]
[0:42:51.859][Thread Datos][2][3280][INFO][Desconexion al Thread de Datos]
[0:42:59.328][Thread Datos][2][3280][INFO][Conexion al Thread de Datos]
[19:51:21.912][Main FTPS][0][0][INFO][Archivo de Configuracion]
[19:52:48.118][Main FTPS][0][0][INFO][Archivo de Configuracion]
[19:52:52.696][New Client][0][172][INFO][Conexion Nuevo cliente al puerto ftp]
[19:52:52.727][Thread Comandos][1][172][INFO][Conexion al Thread de Comandos]
[19:52:58.274][Thread Datos][2][172][INFO][Conexion al Thread de Datos]
[20:1:0.373][Main FTPS][0][0][INFO][Archivo de Configuracion]
[20:1:11.499][New Client][0][3560][INFO][Conexion Nuevo cliente al puerto ftp]
[20:1:11.499][Thread Comandos][1][3560][INFO][Conexion al Thread de Comandos]
[20:1:11.514][Thread Datos][2][3560][INFO][Conexion al Thread de Datos]
[20:1:21.311][Thread Datos][2][3560][INFO][Desconexion al Thread de Datos]
[20:1:48.233][Thread Comandos][1][3560][INFO][Desconexion al Thread de Comandos]
[20:1:54.483][Main FTPS][0][0][INFO][Archivo de Configuracion]
[20:2:4.187][New Client][0][3804][INFO][Conexion Nuevo cliente al puerto ftp]
[20:2:4.187][Thread Comandos][1][3804][INFO][Conexion al Thread de Comandos]
[20:2:4.202][Thread Datos][2][3804][INFO][Conexion al Thread de Datos]
[20:11:50.302][Main FTPS][0][0][INFO][Archivo de Configuracion]
[20:11:54.36][New Client][0][3116][INFO][Conexion Nuevo cliente al puerto ftp]
[20:11:54.36][Thread Comandos][1][3116][INFO][Conexion al Thread de Comandos]
[20:11:54.52][Thread Datos][2][3116][INFO][Conexion al Thread de Datos]
[20:11:54.161][Thread Datos][2][3116][INFO][Desconexion al Thread de Datos]
[20:11:57.552][Thread Datos][2][3116][INFO][Conexion al Thread de Datos]
[20:11:57.567][Thread Datos][2][3116][INFO][Desconexion al Thread de Datos]
[20:11:59.661][Thread Comandos][1][3116][INFO][Desconexion al Thread de Comandos]
[20:13:6.726][Main FTPS][0][0][INFO][Archivo de Configuracion]
[20:13:10.820][New Client][0][1368][INFO][Conexion Nuevo cliente al puerto ftp]
[20:13:10.820][Thread Comandos][1][1368][INFO][Conexion al Thread de Comandos]
[20:13:10.835][Thread Datos][2][1368][INFO][Conexion al Thread de Datos]
[18:56:19.386][Main FTPS][0][0][INFO][Archivo de Configuracion]
[18:56:34.652][New Client][0][3212][INFO][Conexion Nuevo cliente al puerto ftp]
[18:56:34.668][Thread Comandos][1][3212][INFO][Conexion al Thread de Comandos]
[18:56:40.278][Thread Datos][2][3212][INFO][Conexion al Thread de Datos]
[18:56:40.403][Thread Datos][2][3212][INFO][Desconexion al Thread de Datos]
[18:56:42.481][Thread Comandos][1][3212][INFO][Desconexion al Thread de Comandos]
[19:10:4.82][Main FTPS][0][0][INFO][Archivo de Configuracion]
[19:10:13.535][New Client][0][2556][INFO][Conexion Nuevo cliente al puerto ftp]
[19:10:13.535][Thread Comandos][1][2556][INFO][Conexion al Thread de Comandos]
[19:10:13.551][Thread Datos][2][2556][INFO][Conexion al Thread de Datos]
[19:10:21.770][Thread Comandos][1][2556][INFO][Desconexion al Thread de Comandos]
[20:54:36.99][Main FTPS][0][0][INFO][Archivo de Configuracion]
[20:55:53.289][New Client][0][3868][INFO][Conexion Nuevo cliente al puerto ftp]
[20:55:53.304][Thread Comandos][1][3868][INFO][Conexion al Thread de Comandos]
[20:55:58.633][Thread Datos][2][3868][INFO][Conexion al Thread de Datos]
[20:56:2.351][Thread Comandos][1][3868][INFO][Desconexion al Thread de Comandos]
[20:56:31.993][New Client][0][3952][INFO][Conexion Nuevo cliente al puerto ftp]
[20:56:31.993][Disconnect client][0][3868][INFO][Desconexion cliente al puerto ftp]
[20:56:32.8][Thread Comandos][1][3952][INFO][Conexion al Thread de Comandos]
[20:56:32.8][Thread Datos][2][3952][INFO][Conexion al Thread de Datos]
[20:56:42.259][Thread Comandos][1][3952][INFO][Desconexion al Thread de Comandos]
[20:57:13.9][Main FTPS][0][0][INFO][Archivo de Configuracion]
[20:57:16.400][New Client][0][2440][INFO][Conexion Nuevo cliente al puerto ftp]
[20:57:16.400][Thread Comandos][1][2440][INFO][Conexion al Thread de Comandos]
[20:57:16.416][Thread Datos][2][2440][INFO][Conexion al Thread de Datos]
[20:58:39.152][Main FTPS][0][0][INFO][Archivo de Configuracion]
[20:58:41.871][New Client][0][2676][INFO][Conexion Nuevo cliente al puerto ftp]
[20:58:41.887][Thread Comandos][1][2676][INFO][Conexion al Thread de Comandos]
[20:58:41.887][Thread Datos][2][2676][INFO][Conexion al Thread de Datos]
[21:0:40.269][Main FTPS][0][0][INFO][Archivo de Configuracion]
[21:0:43.957][New Client][0][3080][INFO][Conexion Nuevo cliente al puerto ftp]
[21:0:43.957][Thread Comandos][1][3080][INFO][Conexion al Thread de Comandos]
[21:0:43.973][Thread Datos][2][3080][INFO][Conexion al Thread de Datos]
[21:2:12.992][Main FTPS][0][0][INFO][Archivo de Configuracion]
[21:2:18.320][New Client][0][3340][INFO][Conexion Nuevo cliente al puerto ftp]
[21:2:18.320][Thread Comandos][1][3340][INFO][Conexion al Thread de Comandos]
[21:2:18.336][Thread Datos][2][3340][INFO][Conexion al Thread de Datos]
[21:3:51.428][Main FTPS][0][0][INFO][Archivo de Configuracion]
[21:4:0.631][New Client][0][3612][INFO][Conexion Nuevo cliente al puerto ftp]
[21:4:0.631][Thread Comandos][1][3612][INFO][Conexion al Thread de Comandos]
[21:4:0.647][Thread Datos][2][3612][INFO][Conexion al Thread de Datos]
[21:4:12.694][Thread Datos][2][3612][INFO][Desconexion al Thread de Datos]
[21:4:38.382][Thread Datos][2][3612][INFO][Conexion al Thread de Datos]
[21:4:42.23][Thread Datos][2][3612][INFO][Desconexion al Thread de Datos]
[21:4:45.382][Thread Datos][2][3612][INFO][Conexion al Thread de Datos]
[21:4:45.414][Thread Datos][2][3612][INFO][Desconexion al Thread de Datos]
[21:24:52.899][Main FTPS][0][0][INFO][Archivo de Configuracion]
[21:24:56.384][New Client][0][3924][INFO][Conexion Nuevo cliente al puerto ftp]
[21:24:56.384][Thread Comandos][1][3924][INFO][Conexion al Thread de Comandos]
[21:24:56.384][Thread Datos][2][3924][INFO][Conexion al Thread de Datos]
[21:24:56.415][Thread Datos][2][3924][INFO][Desconexion al Thread de Datos]
[22:19:40.76][Main FTPS][0][0][INFO][Archivo de Configuracion]
[22:20:29.843][New Client][0][700][INFO][Conexion Nuevo cliente al puerto ftp]
[22:20:29.843][Thread Comandos][1][700][INFO][Conexion al Thread de Comandos]
[22:20:29.859][Thread Datos][2][700][INFO][Conexion al Thread de Datos]
[22:20:29.875][Thread Datos][2][700][INFO][Desconexion al Thread de Datos]
[22:22:14.132][Main FTPS][0][0][INFO][Archivo de Configuracion]
[22:22:25.258][New Client][0][3884][INFO][Conexion Nuevo cliente al puerto ftp]
[22:22:25.258][Thread Comandos][1][3884][INFO][Conexion al Thread de Comandos]
[22:22:29.727][Thread Datos][2][3884][INFO][Conexion al Thread de Datos]
[22:22:30.56][Thread Datos][2][3884][INFO][Desconexion al Thread de Datos]
[22:30:40.812][Main FTPS][0][0][INFO][Archivo de Configuracion]
[22:30:56.689][New Client][0][488][INFO][Conexion Nuevo cliente al puerto ftp]
[22:30:56.689][Thread Comandos][1][488][INFO][Conexion al Thread de Comandos]
[22:32:9.974][Main FTPS][0][0][INFO][Archivo de Configuracion]
[22:32:12.536][New Client][0][2172][INFO][Conexion Nuevo cliente al puerto ftp]
[22:32:12.552][Thread Comandos][1][2172][INFO][Conexion al Thread de Comandos]
[22:32:28.755][Main FTPS][0][0][INFO][Archivo de Configuracion]
[22:32:35.255][New Client][0][2280][INFO][Conexion Nuevo cliente al puerto ftp]
[22:32:35.255][Thread Comandos][1][2280][INFO][Conexion al Thread de Comandos]
[22:32:54.161][Main FTPS][0][0][INFO][Archivo de Configuracion]
[22:32:56.661][New Client][0][2300][INFO][Conexion Nuevo cliente al puerto ftp]
[22:32:56.661][Thread Comandos][1][2300][INFO][Conexion al Thread de Comandos]
[22:36:20.293][Main FTPS][0][0][INFO][Archivo de Configuracion]
[22:36:21.996][New Client][0][3356][INFO][Conexion Nuevo cliente al puerto ftp]
[22:36:21.996][Thread Comandos][1][3356][INFO][Conexion al Thread de Comandos]
[22:36:53.123][Main FTPS][0][0][INFO][Archivo de Configuracion]
[22:36:58.701][New Client][0][2948][INFO][Conexion Nuevo cliente al puerto ftp]
[22:36:58.701][Thread Comandos][1][2948][INFO][Conexion al Thread de Comandos]
[22:38:9.29][Main FTPS][0][0][INFO][Archivo de Configuracion]
[22:38:15.513][New Client][0][1516][INFO][Conexion Nuevo cliente al puerto ftp]
[22:38:15.513][Thread Comandos][1][1516][INFO][Conexion al Thread de Comandos]
[22:40:41.940][Main FTPS][0][0][INFO][Archivo de Configuracion]
[22:40:44.112][New Client][0][876][INFO][Conexion Nuevo cliente al puerto ftp]
[22:40:44.127][Thread Comandos][1][876][INFO][Conexion al Thread de Comandos]
[22:40:44.127][Thread Datos][2][876][INFO][Conexion al Thread de Datos]
[22:40:44.143][Thread Datos][2][876][INFO][Desconexion al Thread de Datos]
[22:41:40.883][Main FTPS][0][0][INFO][Archivo de Configuracion]
[22:41:43.446][New Client][0][540][INFO][Conexion Nuevo cliente al puerto ftp]
[22:41:43.446][Thread Comandos][1][540][INFO][Conexion al Thread de Comandos]
[22:41:43.446][Thread Datos][2][540][INFO][Conexion al Thread de Datos]
[22:41:43.461][Thread Datos][2][540][INFO][Desconexion al Thread de Datos]
[22:41:45.149][Thread Datos][2][540][INFO][Conexion al Thread de Datos]
[22:41:45.149][Thread Datos][2][540][INFO][Desconexion al Thread de Datos]
[22:41:45.696][Thread Datos][2][540][INFO][Conexion al Thread de Datos]
[22:41:45.711][Thread Datos][2][540][INFO][Desconexion al Thread de Datos]
[22:43:2.275][Main FTPS][0][0][INFO][Archivo de Configuracion]
[22:43:4.25][New Client][0][1048][INFO][Conexion Nuevo cliente al puerto ftp]
[22:43:4.25][Thread Comandos][1][1048][INFO][Conexion al Thread de Comandos]
[22:43:4.41][Thread Datos][2][1048][INFO][Conexion al Thread de Datos]
[22:43:4.41][Thread Datos][2][1048][INFO][Desconexion al Thread de Datos]
[22:44:52.75][Main FTPS][0][0][INFO][Archivo de Configuracion]
[22:44:54.341][New Client][0][4052][INFO][Conexion Nuevo cliente al puerto ftp]
[22:44:54.341][Thread Comandos][1][4052][INFO][Conexion al Thread de Comandos]
[22:44:54.341][Thread Datos][2][4052][INFO][Conexion al Thread de Datos]
[22:44:54.356][Thread Datos][2][4052][INFO][Desconexion al Thread de Datos]
[22:45:29.797][Main FTPS][0][0][INFO][Archivo de Configuracion]
[22:45:32.423][New Client][0][2420][INFO][Conexion Nuevo cliente al puerto ftp]
[22:45:32.438][Thread Comandos][1][2420][INFO][Conexion al Thread de Comandos]
[22:45:32.438][Thread Datos][2][2420][INFO][Conexion al Thread de Datos]
[22:45:32.438][Thread Datos][2][2420][INFO][Desconexion al Thread de Datos]
[22:47:30.1][Thread Comandos][1][2420][INFO][Desconexion al Thread de Comandos]
[22:51:35.636][Main FTPS][0][0][INFO][Archivo de Configuracion]
[22:51:38.495][New Client][0][3788][INFO][Conexion Nuevo cliente al puerto ftp]
[22:51:38.495][Thread Comandos][1][3788][INFO][Conexion al Thread de Comandos]
[22:51:38.495][Thread Datos][2][3788][INFO][Conexion al Thread de Datos]
[22:51:38.511][Thread Datos][2][3788][INFO][Desconexion al Thread de Datos]
[22:51:50.261][Thread Datos][2][3788][INFO][Conexion al Thread de Datos]
[22:51:50.261][Thread Datos][2][3788][INFO][Desconexion al Thread de Datos]
[22:51:51.886][Thread Datos][2][3788][INFO][Conexion al Thread de Datos]
[22:51:51.886][Thread Datos][2][3788][INFO][Desconexion al Thread de Datos]
[22:51:52.386][Thread Datos][2][3788][INFO][Conexion al Thread de Datos]
[22:51:52.402][Thread Datos][2][3788][INFO][Desconexion al Thread de Datos]
[22:51:52.761][Thread Datos][2][3788][INFO][Conexion al Thread de Datos]
[22:51:52.777][Thread Datos][2][3788][INFO][Desconexion al Thread de Datos]
[22:51:53.27][Thread Datos][2][3788][INFO][Conexion al Thread de Datos]
[22:51:53.42][Thread Datos][2][3788][INFO][Desconexion al Thread de Datos]
[22:51:53.230][Thread Datos][2][3788][INFO][Conexion al Thread de Datos]
[22:51:53.245][Thread Datos][2][3788][INFO][Desconexion al Thread de Datos]
[22:51:53.464][Thread Datos][2][3788][INFO][Conexion al Thread de Datos]
[22:51:53.480][Thread Datos][2][3788][INFO][Desconexion al Thread de Datos]
[23:1:38.548][Thread Comandos][1][3788][INFO][Desconexion al Thread de Comandos]
[23:20:32.322][Main FTPS][0][0][INFO][Archivo de Configuracion]
[23:20:40.698][New Client][0][2596][INFO][Conexion Nuevo cliente al puerto ftp]
[23:20:40.714][Thread Comandos][1][2596][INFO][Conexion al Thread de Comandos]
[23:20:40.714][Thread Datos][2][2596][INFO][Conexion al Thread de Datos]
[23:20:40.729][Thread Datos][2][2596][INFO][Desconexion al Thread de Datos]
[23:22:33.936][Main FTPS][0][0][INFO][Archivo de Configuracion]
[23:22:38.529][New Client][0][1212][INFO][Conexion Nuevo cliente al puerto ftp]
[23:22:38.545][Thread Comandos][1][1212][INFO][Conexion al Thread de Comandos]
[23:22:38.545][Thread Datos][2][1212][INFO][Conexion al Thread de Datos]
[23:22:38.561][Thread Datos][2][1212][INFO][Desconexion al Thread de Datos]
[23:22:43.467][Thread Datos][2][1212][INFO][Conexion al Thread de Datos]
[23:22:43.483][Thread Datos][2][1212][INFO][Desconexion al Thread de Datos]
[23:22:44.764][Thread Datos][2][1212][INFO][Conexion al Thread de Datos]
[23:22:44.780][Thread Datos][2][1212][INFO][Desconexion al Thread de Datos]
[23:22:46.546][Thread Comandos][1][1212][INFO][Desconexion al Thread de Comandos]
[16:54:56.299][Main FTPS][0][0][INFO][Archivo de Configuracion]
[16:55:2.940][New Client][0][3600][INFO][Conexion Nuevo cliente al puerto ftp]
[16:55:3.96][Thread Comandos][1][3600][INFO][Conexion al Thread de Comandos]
[16:56:27.645][Main FTPS][0][0][INFO][Archivo de Configuracion]
[16:56:30.629][New Client][0][2824][INFO][Conexion Nuevo cliente al puerto ftp]
[16:56:30.645][Thread Comandos][1][2824][INFO][Conexion al Thread de Comandos]
[16:56:30.676][Thread Datos][2][2824][INFO][Conexion al Thread de Datos]
[16:56:30.692][Thread Datos][2][2824][INFO][Desconexion al Thread de Datos]
[16:58:51.538][Main FTPS][0][0][INFO][Archivo de Configuracion]
[16:58:54.23][New Client][0][2924][INFO][Conexion Nuevo cliente al puerto ftp]
[16:58:54.23][Thread Comandos][1][2924][INFO][Conexion al Thread de Comandos]
[17:9:2.139][Main FTPS][0][0][INFO][Archivo de Configuracion]
[17:9:7.686][New Client][0][3284][INFO][Conexion Nuevo cliente al puerto ftp]
[17:9:7.702][Thread Comandos][1][3284][INFO][Conexion al Thread de Comandos]
[17:9:26.593][Main FTPS][0][0][INFO][Archivo de Configuracion]
[17:9:30.452][New Client][0][2356][INFO][Conexion Nuevo cliente al puerto ftp]
[17:9:30.452][Thread Comandos][1][2356][INFO][Conexion al Thread de Comandos]
[17:9:30.468][Thread Datos][2][2356][INFO][Conexion al Thread de Datos]
[17:9:30.468][Thread Datos][2][2356][INFO][Desconexion al Thread de Datos]
[17:9:31.296][Thread Datos][2][2356][INFO][Conexion al Thread de Datos]
[17:9:31.296][Thread Datos][2][2356][INFO][Desconexion al Thread de Datos]
[17:9:31.843][Thread Datos][2][2356][INFO][Conexion al Thread de Datos]
[17:9:31.843][Thread Datos][2][2356][INFO][Desconexion al Thread de Datos]
[17:9:35.906][Thread Datos][2][2356][INFO][Conexion al Thread de Datos]
[17:9:35.906][Thread Datos][2][2356][INFO][Desconexion al Thread de Datos]
[17:9:41.859][Thread Comandos][1][2356][INFO][Desconexion al Thread de Comandos]
[17:9:53.813][Main FTPS][0][0][INFO][Archivo de Configuracion]
[17:11:37.660][Main FTPS][0][0][INFO][Archivo de Configuracion]
[17:11:40.878][New Client][0][1244][INFO][Conexion Nuevo cliente al puerto ftp]
[17:11:40.878][Thread Comandos][1][1244][INFO][Conexion al Thread de Comandos]
[17:11:40.894][Thread Datos][2][1244][INFO][Conexion al Thread de Datos]
[17:11:40.894][Thread Datos][2][1244][INFO][Desconexion al Thread de Datos]
[17:11:43.238][Thread Datos][2][1244][INFO][Conexion al Thread de Datos]
[17:11:43.253][Thread Datos][2][1244][INFO][Desconexion al Thread de Datos]
[17:11:46.97][Thread Comandos][1][1244][INFO][Desconexion al Thread de Comandos]
[17:11:54.800][Main FTPS][0][0][INFO][Archivo de Configuracion]
[17:11:57.66][New Client][0][2468][INFO][Conexion Nuevo cliente al puerto ftp]
[17:11:57.66][Thread Comandos][1][2468][INFO][Conexion al Thread de Comandos]
[17:11:57.82][Thread Datos][2][2468][INFO][Conexion al Thread de Datos]
[17:11:57.82][Thread Datos][2][2468][INFO][Desconexion al Thread de Datos]
[17:12:24.894][Thread Datos][2][2468][INFO][Conexion al Thread de Datos]
[17:12:24.910][Thread Datos][2][2468][INFO][Desconexion al Thread de Datos]
[17:19:52.812][Main FTPS][0][0][INFO][Archivo de Configuracion]
[17:19:56.124][New Client][0][3224][INFO][Conexion Nuevo cliente al puerto ftp]
[17:19:56.124][Thread Comandos][1][3224][INFO][Conexion al Thread de Comandos]
[17:19:56.140][Thread Datos][2][3224][INFO][Conexion al Thread de Datos]
[17:20:1.874][Thread Datos][2][3224][INFO][Desconexion al Thread de Datos]
[17:20:9.373][Thread Datos][2][3224][INFO][Conexion al Thread de Datos]
[17:21:25.778][Main FTPS][0][0][INFO][Archivo de Configuracion]
[17:21:33.590][New Client][0][2972][INFO][Conexion Nuevo cliente al puerto ftp]
[17:21:33.606][Thread Comandos][1][2972][INFO][Conexion al Thread de Comandos]
[17:21:33.622][Thread Datos][2][2972][INFO][Conexion al Thread de Datos]
[17:21:37.28][Thread Datos][2][2972][INFO][Desconexion al Thread de Datos]
[17:23:15.592][Main FTPS][0][0][INFO][Archivo de Configuracion]
[17:23:21.29][New Client][0][3564][INFO][Conexion Nuevo cliente al puerto ftp]
[17:23:21.29][Thread Comandos][1][3564][INFO][Conexion al Thread de Comandos]
[17:23:21.45][Thread Datos][2][3564][INFO][Conexion al Thread de Datos]
[17:23:23.139][Thread Datos][2][3564][INFO][Desconexion al Thread de Datos]
[17:23:29.936][Thread Datos][2][3564][INFO][Conexion al Thread de Datos]
[17:23:31.170][Thread Datos][2][3564][INFO][Desconexion al Thread de Datos]
[17:25:4.830][Main FTPS][0][0][INFO][Archivo de Configuracion]
[17:25:14.674][New Client][0][3908][INFO][Conexion Nuevo cliente al puerto ftp]
[17:25:14.674][Thread Comandos][1][3908][INFO][Conexion al Thread de Comandos]
[20:59:18.581][Main FTPS][0][0][INFO][Archivo de Configuracion]
[21:3:21.458][New Client][0][3812][INFO][Conexion Nuevo cliente al puerto ftp]
[21:3:21.489][Thread Comandos][1][3812][INFO][Conexion al Thread de Comandos]
[21:5:4.519][Main FTPS][0][0][INFO][Archivo de Configuracion]
[21:5:9.519][New Client][0][2164][INFO][Conexion Nuevo cliente al puerto ftp]
[21:5:9.519][Thread Comandos][1][2164][INFO][Conexion al Thread de Comandos]
[21:5:27.787][Main FTPS][0][0][INFO][Archivo de Configuracion]
[21:5:32.944][New Client][0][2872][INFO][Conexion Nuevo cliente al puerto ftp]
[21:5:32.944][Thread Comandos][1][2872][INFO][Conexion al Thread de Comandos]
[21:6:16.714][Thread Comandos][1][2872][INFO][Desconexion al Thread de Comandos]
[21:6:37.341][New Client][0][1684][INFO][Conexion Nuevo cliente al puerto ftp]
[21:6:37.341][Disconnect client][0][2872][INFO][Desconexion cliente al puerto ftp]
[21:6:37.356][Thread Comandos][1][1684][INFO][Conexion al Thread de Comandos]
[21:6:55.920][Thread Datos][2][1684][INFO][Conexion al Thread de Datos]
[21:7:22.843][Main FTPS][0][0][INFO][Archivo de Configuracion]
[21:7:26.890][New Client][0][328][INFO][Conexion Nuevo cliente al puerto ftp]
[21:7:26.890][Thread Comandos][1][328][INFO][Conexion al Thread de Comandos]
[21:12:20.180][Main FTPS][0][0][INFO][Archivo de Configuracion]
[21:12:28.805][Main FTPS][0][0][INFO][Archivo de Configuracion]
[15:59:6.389][Main FTPS][0][0][INFO][Archivo de Configuracion]
[15:59:43.79][New Client][0][1488][INFO][Conexion Nuevo cliente al puerto ftp]
[15:59:43.188][Thread Comandos][1][1488][INFO][Conexion al Thread de Comandos]
[16:4:41.860][Main FTPS][0][0][INFO][Archivo de Configuracion]
[16:4:47.469][New Client][0][4028][INFO][Conexion Nuevo cliente al puerto ftp]
[16:4:47.469][Thread Comandos][1][4028][INFO][Conexion al Thread de Comandos]
[16:4:47.500][Thread Datos][2][4028][INFO][Conexion al Thread de Datos]
[16:19:18.167][Main FTPS][0][0][INFO][Archivo de Configuracion]
[16:19:21.464][New Client][0][3880][INFO][Conexion Nuevo cliente al puerto ftp]
[16:19:21.464][Thread Comandos][1][3880][INFO][Conexion al Thread de Comandos]
[16:20:17.919][Thread Datos][2][3880][INFO][Conexion al Thread de Datos]
[16:36:16.47][Main FTPS][0][0][INFO][Archivo de Configuracion]
[16:36:20.78][New Client][0][2016][INFO][Conexion Nuevo cliente al puerto ftp]
[16:36:20.78][Thread Comandos][1][2016][INFO][Conexion al Thread de Comandos]
[16:36:30.579][Thread Datos][2][2016][INFO][Conexion al Thread de Datos]
[16:38:52.34][Main FTPS][0][0][INFO][Archivo de Configuracion]
[16:38:54.409][New Client][0][3332][INFO][Conexion Nuevo cliente al puerto ftp]
[16:38:54.409][Thread Comandos][1][3332][INFO][Conexion al Thread de Comandos]
[16:39:2.644][Thread Datos][2][3332][INFO][Conexion al Thread de Datos]
[16:39:56.754][Main FTPS][0][0][INFO][Archivo de Configuracion]
[16:39:59.83][New Client][0][3480][INFO][Conexion Nuevo cliente al puerto ftp]
[16:39:59.83][Thread Comandos][1][3480][INFO][Conexion al Thread de Comandos]
[16:39:59.98][Thread Datos][2][3480][INFO][Conexion al Thread de Datos]
[16:40:4.333][Thread Datos][2][3480][INFO][Desconexion al Thread de Datos]
[16:40:39.849][Thread Datos][2][3480][INFO][Conexion al Thread de Datos]
[16:40:39.911][Thread Datos][2][3480][INFO][Desconexion al Thread de Datos]
[16:41:2.646][Thread Datos][2][3480][INFO][Conexion al Thread de Datos]
[16:41:2.693][Thread Datos][2][3480][INFO][Desconexion al Thread de Datos]
[16:53:24.146][Main FTPS][0][0][INFO][Archivo de Configuracion]
[16:56:22.742][Main FTPS][0][0][INFO][Archivo de Configuracion]
[16:56:57.571][New Client][0][3912][INFO][Conexion Nuevo cliente al puerto ftp]
[16:56:57.571][Thread Comandos][1][3912][INFO][Conexion al Thread de Comandos]
[16:56:57.586][Thread Datos][2][3912][INFO][Conexion al Thread de Datos]
[16:56:57.602][Thread Datos][2][3912][INFO][Desconexion al Thread de Datos]
[16:56:59.227][New Client][0][540][INFO][Conexion Nuevo cliente al puerto ftp]
[16:56:59.243][Thread Comandos][1][540][INFO][Conexion al Thread de Comandos]
[16:56:59.243][Thread Datos][2][540][INFO][Conexion al Thread de Datos]
[16:57:2.165][Thread Datos][2][540][INFO][Desconexion al Thread de Datos]
[17:33:56.594][Main FTPS][0][0][INFO][Archivo de Configuracion]
[17:36:58.63][Main FTPS][0][0][INFO][Archivo de Configuracion]
[17:37:1.594][New Client][0][576][INFO][Conexion Nuevo cliente al puerto ftp]
[17:37:1.625][Thread Comandos][1][576][INFO][Conexion al Thread de Comandos]
[17:37:1.656][Thread Datos][2][576][INFO][Conexion al Thread de Datos]
[17:37:1.656][Thread Datos][2][576][INFO][Desconexion al Thread de Datos]
[17:37:7.531][Thread Comandos][1][576][INFO][Desconexion al Thread de Comandos]
[17:37:24.359][Main FTPS][0][0][INFO][Archivo de Configuracion]
[17:37:26.797][New Client][0][428][INFO][Conexion Nuevo cliente al puerto ftp]
[17:37:26.797][Thread Comandos][1][428][INFO][Conexion al Thread de Comandos]
[17:37:26.797][Thread Datos][2][428][INFO][Conexion al Thread de Datos]
[17:37:26.813][Thread Datos][2][428][INFO][Desconexion al Thread de Datos]
[17:37:35.234][Thread Datos][2][428][INFO][Conexion al Thread de Datos]
[17:38:6.391][Main FTPS][0][0][INFO][Archivo de Configuracion]
[17:38:9.188][New Client][0][2640][INFO][Conexion Nuevo cliente al puerto ftp]
[17:38:9.188][Thread Comandos][1][2640][INFO][Conexion al Thread de Comandos]
[17:38:9.204][Thread Datos][2][2640][INFO][Conexion al Thread de Datos]
[17:38:9.204][Thread Datos][2][2640][INFO][Desconexion al Thread de Datos]
[17:38:12.876][Thread Datos][2][2640][INFO][Conexion al Thread de Datos]
[17:45:15.701][Main FTPS][0][0][INFO][Archivo de Configuracion]
[17:45:17.904][New Client][0][3064][INFO][Conexion Nuevo cliente al puerto ftp]
[17:45:17.904][Thread Comandos][1][3064][INFO][Conexion al Thread de Comandos]
[17:45:17.920][Thread Datos][2][3064][INFO][Conexion al Thread de Datos]
[17:45:17.920][Thread Datos][2][3064][INFO][Desconexion al Thread de Datos]
[17:45:22.216][Thread Datos][2][3064][INFO][Conexion al Thread de Datos]
[17:45:27.826][Thread Datos][2][3064][INFO][Desconexion al Thread de Datos]
[17:46:12.325][Main FTPS][0][0][INFO][Archivo de Configuracion]
[17:46:14.669][New Client][0][3788][INFO][Conexion Nuevo cliente al puerto ftp]
[17:46:14.669][Thread Comandos][1][3788][INFO][Conexion al Thread de Comandos]
[17:46:14.669][Thread Datos][2][3788][INFO][Conexion al Thread de Datos]
[17:46:14.684][Thread Datos][2][3788][INFO][Desconexion al Thread de Datos]
[17:46:21.934][Thread Datos][2][3788][INFO][Conexion al Thread de Datos]
[17:47:1.371][Main FTPS][0][0][INFO][Archivo de Configuracion]
[17:47:3.324][New Client][0][3924][INFO][Conexion Nuevo cliente al puerto ftp]
[17:47:3.340][Thread Datos][2][3924][INFO][Conexion al Thread de Datos]
[17:47:3.340][Thread Datos][2][3924][INFO][Desconexion al Thread de Datos]
[17:47:6.449][Thread Datos][2][3924][INFO][Conexion al Thread de Datos]
[17:54:14.646][Main FTPS][0][0][INFO][Archivo de Configuracion]
[17:54:19.912][New Client][0][2328][INFO][Conexion Nuevo cliente al puerto ftp]
[17:54:19.912][Thread Comandos][1][2328][INFO][Conexion al Thread de Comandos]
[17:54:19.927][Thread Datos][2][2328][INFO][Conexion al Thread de Datos]
[17:54:19.943][Thread Datos][2][2328][INFO][Desconexion al Thread de Datos]
[17:54:23.631][Thread Datos][2][2328][INFO][Conexion al Thread de Datos]
[17:54:27.396][Thread Datos][2][2328][INFO][Desconexion al Thread de Datos]
[17:55:39.553][Main FTPS][0][0][INFO][Archivo de Configuracion]
[17:55:41.756][New Client][0][3268][INFO][Conexion Nuevo cliente al puerto ftp]
[17:55:41.756][Thread Comandos][1][3268][INFO][Conexion al Thread de Comandos]
[17:55:41.772][Thread Datos][2][3268][INFO][Conexion al Thread de Datos]
[17:55:41.772][Thread Datos][2][3268][INFO][Desconexion al Thread de Datos]
[17:55:48.209][Thread Datos][2][3268][INFO][Conexion al Thread de Datos]
[18:32:21.553][Main FTPS][0][0][INFO][Archivo de Configuracion]
[18:32:24.224][New Client][0][3800][INFO][Conexion Nuevo cliente al puerto ftp]
[18:32:24.224][Thread Comandos][1][3800][INFO][Conexion al Thread de Comandos]
[18:32:24.240][Thread Datos][2][3800][INFO][Conexion al Thread de Datos]
[18:32:24.240][Thread Datos][2][3800][INFO][Desconexion al Thread de Datos]
[18:32:28.99][Thread Datos][2][3800][INFO][Conexion al Thread de Datos]
[18:32:49.208][Main FTPS][0][0][INFO][Archivo de Configuracion]
[18:32:51.5][New Client][0][1340][INFO][Conexion Nuevo cliente al puerto ftp]
[18:32:51.5][Thread Comandos][1][1340][INFO][Conexion al Thread de Comandos]
[18:32:51.21][Thread Datos][2][1340][INFO][Conexion al Thread de Datos]
[18:32:51.21][Thread Datos][2][1340][INFO][Desconexion al Thread de Datos]
[18:32:54.146][Thread Datos][2][1340][INFO][Conexion al Thread de Datos]
[18:35:11.87][Main FTPS][0][0][INFO][Archivo de Configuracion]
[18:35:14.165][New Client][0][252][INFO][Conexion Nuevo cliente al puerto ftp]
[18:35:14.165][Thread Comandos][1][252][INFO][Conexion al Thread de Comandos]
[18:35:14.180][Thread Datos][2][252][INFO][Conexion al Thread de Datos]
[18:35:14.180][Thread Datos][2][252][INFO][Desconexion al Thread de Datos]
[18:35:17.228][Thread Datos][2][252][INFO][Conexion al Thread de Datos]
[18:35:55.993][Main FTPS][0][0][INFO][Archivo de Configuracion]
[18:36:0.509][New Client][0][2352][INFO][Conexion Nuevo cliente al puerto ftp]
[18:36:0.509][Thread Comandos][1][2352][INFO][Conexion al Thread de Comandos]
[18:36:0.525][Thread Datos][2][2352][INFO][Conexion al Thread de Datos]
[18:36:0.540][Thread Datos][2][2352][INFO][Desconexion al Thread de Datos]
[20:37:42.793][Main FTPS][0][0][INFO][Archivo de Configuracion]
[20:37:53.15][New Client][0][200][INFO][Conexion Nuevo cliente al puerto ftp]
[20:37:53.31][Thread Comandos][1][200][INFO][Conexion al Thread de Comandos]
[20:38:3.909][Thread Datos][2][200][INFO][Conexion al Thread de Datos]
[20:38:3.956][Thread Datos][2][200][INFO][Desconexion al Thread de Datos]
[20:38:12.114][Thread Datos][2][200][INFO][Conexion al Thread de Datos]
[18:40:4.809][Main FTPS][0][0][INFO][Archivo de Configuracion]
