[1:13:53.202][Main VDA][0][0][DEBUG][Comienza VDA]
[1:15:16.836][Main VDA][0][0][DEBUG][Comienza VDA]
[1:15:43.25][Main VDA][0][0][DEBUG][Comienza VDA]
[1:18:13.201][Main VDA][0][0][DEBUG][Comienza VDA]
[1:18:26.185][Main VDA][1][0][INFO][IPKernel:192.168.1.107 PortKernel:1393652]
[1:18:28.295][Main VDA][0][0][DEBUG][Descriptor Socket: 4032]
[1:18:28.295][Main VDA][0][0][DEBUG][Escuchando puerto]
[1:20:25.999][Main VDA][0][0][DEBUG][Comienza VDA]
[1:20:25.999][Main VDA][1][0][INFO][IPKernel:192.168.1.107 PortKernel:1393652]
[1:20:26.905][Main VDA][0][0][DEBUG][Descriptor Socket: 4028]
[1:20:26.905][Main VDA][0][0][DEBUG][Escuchando puerto]
[1:37:9.124][Main VDA][0][0][DEBUG][Comienza VDA]
[1:37:9.124][Main VDA][1][0][INFO][IPKernel:192.168.1.107 PortKernel:1393652]
[1:37:10.62][Main VDA][0][0][DEBUG][Descriptor Socket: 4032]
[1:37:10.62][Main VDA][0][0][DEBUG][Escuchando puerto]
[1:37:22.234][Thread VDA][0][0][DEBUG][Posicion Cabezal: 10]
[1:37:22.249][Thread VDA][0][0][DEBUG][Sectores Leidos: 1]
[1:37:22.249][Thread VDA][0][0][DEBUG][Tiempo Cosumido: 2]
[1:37:22.249][Thread VDA][0][0][DEBUG][Posicion Cabezal: 10]
[1:37:22.280][Thread VDA][0][0][DEBUG][Sectores Leidos: 2]
[1:37:22.280][Thread VDA][0][0][DEBUG][Tiempo Cosumido: 2]
[1:37:22.280][Thread VDA][0][0][DEBUG][Posicion Cabezal: 2]
[1:37:22.296][Thread VDA][0][0][DEBUG][Sectores Leidos: 3]
[1:37:22.296][Thread VDA][0][0][DEBUG][Tiempo Cosumido: 2]
[1:37:33.124][Thread VDA][0][0][DEBUG][Posicion Cabezal: 4]
[1:37:33.140][Thread VDA][0][0][DEBUG][Sectores Leidos: 4]
[1:37:33.140][Thread VDA][0][0][DEBUG][Tiempo Cosumido: 0]
[1:37:33.140][Thread VDA][0][0][DEBUG][Posicion Cabezal: 4]
[1:37:33.156][Thread VDA][0][0][DEBUG][Sectores Leidos: 5]
[1:37:33.156][Thread VDA][0][0][DEBUG][Tiempo Cosumido: 0]
[1:37:33.156][Thread VDA][0][0][DEBUG][Posicion Cabezal: 5]
[1:37:33.187][Thread VDA][0][0][DEBUG][Sectores Leidos: 6]
[1:37:33.187][Thread VDA][0][0][DEBUG][Tiempo Cosumido: 0]
[1:38:2.546][Thread VDA][0][0][DEBUG][Posicion Cabezal: 7]
[1:38:2.546][Thread VDA][0][0][DEBUG][Sectores Leidos: 2]
[1:38:2.546][Thread VDA][0][0][DEBUG][Tiempo consumido: 1 ns]
[1:38:2.562][Thread VDA][0][0][DEBUG][Cache:1 ns]
[1:38:2.562][Thread VDA][0][0][DEBUG][Posicion Cabezal: 7]
[1:38:2.578][Thread VDA][0][0][DEBUG][Sectores Leidos: 7]
[1:38:2.578][Thread VDA][0][0][DEBUG][Tiempo Cosumido: 0]
[1:38:2.578][Thread VDA][0][0][DEBUG][Posicion Cabezal: 7]
[1:38:2.609][Thread VDA][0][0][DEBUG][Sectores Leidos: 8]
[1:38:2.609][Thread VDA][0][0][DEBUG][Tiempo Cosumido: 0]
[1:38:49.624][Thread VDA][0][0][DEBUG][Posicion Cabezal: 9]
[1:38:49.640][Thread VDA][0][0][DEBUG][Sectores Leidos: 9]
[1:38:49.640][Thread VDA][0][0][DEBUG][Tiempo Cosumido: 0]
[1:38:49.640][Thread VDA][0][0][DEBUG][Posicion Cabezal: 9]
[1:38:49.640][Thread VDA][0][0][DEBUG][Sectores Leidos: 1]
[1:38:49.640][Thread VDA][0][0][DEBUG][Tiempo consumido: 1 ns]
[1:38:49.640][Thread VDA][0][0][DEBUG][Cache:1 ns]
[1:38:49.656][Thread VDA][0][0][DEBUG][Posicion Cabezal: 9]
[1:38:49.671][Thread VDA][0][0][DEBUG][Sectores Leidos: 20]
[1:38:49.671][Thread VDA][0][0][DEBUG][Tiempo Cosumido: 3]
[1:40:45.390][Main VDA][0][0][DEBUG][Comienza VDA]
[1:40:45.390][Main VDA][1][0][INFO][IPKernel:192.168.1.107 PortKernel:1393652]
[1:40:46.374][Main VDA][0][0][DEBUG][Descriptor Socket: 4032]
[1:40:46.374][Main VDA][0][0][DEBUG][Escuchando puerto]
[1:41:4.938][Thread VDA][0][0][DEBUG][Posicion Cabezal: 21]
[1:41:4.969][Thread VDA][0][0][DEBUG][Sectores Leidos: 8]
[1:41:4.969][Thread VDA][0][0][DEBUG][Tiempo Cosumido: 3]
[1:41:4.969][Thread VDA][0][0][DEBUG][Posicion Cabezal: 21]
[1:41:5.0][Thread VDA][0][0][DEBUG][Sectores Leidos: 9]
[1:41:5.0][Thread VDA][0][0][DEBUG][Tiempo Cosumido: 3]
